This is pdfTeX, Version 3.1415926-2.5-1.40.14 (TeX Live 2013) (format=pdflatex 2013.5.30)  12 DEC 2016 11:39
entering extended mode
 restricted \write18 enabled.
 %&-line parsing enabled.
**tistSI.tex
(./tistSI.tex
LaTeX2e <2011/06/27>
Babel <3.9f> and hyphenation patterns for 78 languages loaded.
(./acmsmall.cls
Document Class: acmsmall 2012/03/05, fonts included on 28 June 2010
(/usr/local/texlive/2013/texmf-dist/tex/latex/url/url.sty
\Urlmuskip=\muskip10
Package: url 2006/04/12  ver 3.3  Verb mode for urls, etc.
)
ACM, Production Font style: 2010/06/28 by Aptara

Using ACM, TECS option: 2010/05/04 by Aptara

(/usr/local/texlive/2013/texmf-dist/tex/latex/base/latexsym.sty
Package: latexsym 1998/08/17 v2.2e Standard LaTeX package (lasy symbols)
\symlasy=\mathgroup4
LaTeX Font Info:    Overwriting symbol font `lasy' in version `bold'
(Font)                  U/lasy/m/n --> U/lasy/b/n on input line 47.
)
(/usr/local/texlive/2013/texmf-dist/tex/latex/graphics/color.sty
Package: color 2005/11/14 v1.0j Standard LaTeX Color (DPC)

(/usr/local/texlive/2013/texmf-dist/tex/latex/latexconfig/color.cfg
File: color.cfg 2007/01/18 v1.5 color configuration of teTeX/TeXLive
)
Package color Info: Driver file: pdftex.def on input line 130.

(/usr/local/texlive/2013/texmf-dist/tex/latex/pdftex-def/pdftex.def
File: pdftex.def 2011/05/27 v0.06d Graphics/color for pdfTeX

(/usr/local/texlive/2013/texmf-dist/tex/generic/oberdiek/infwarerr.sty
Package: infwarerr 2010/04/08 v1.3 Providing info/warning/error messages (HO)
)
(/usr/local/texlive/2013/texmf-dist/tex/generic/oberdiek/ltxcmds.sty
Package: ltxcmds 2011/11/09 v1.22 LaTeX kernel commands for general use (HO)
)
\Gread@gobject=\count79
))
(/usr/local/texlive/2013/texmf-dist/tex/latex/graphics/graphicx.sty
Package: graphicx 1999/02/16 v1.0f Enhanced LaTeX Graphics (DPC,SPQR)

(/usr/local/texlive/2013/texmf-dist/tex/latex/graphics/keyval.sty
Package: keyval 1999/03/16 v1.13 key=value parser (DPC)
\KV@toks@=\toks14
)
(/usr/local/texlive/2013/texmf-dist/tex/latex/graphics/graphics.sty
Package: graphics 2009/02/05 v1.0o Standard LaTeX Graphics (DPC,SPQR)

(/usr/local/texlive/2013/texmf-dist/tex/latex/graphics/trig.sty
Package: trig 1999/03/16 v1.09 sin cos tan (DPC)
)
(/usr/local/texlive/2013/texmf-dist/tex/latex/latexconfig/graphics.cfg
File: graphics.cfg 2010/04/23 v1.9 graphics configuration of TeX Live
)
Package graphics Info: Driver file: pdftex.def on input line 91.
)
\Gin@req@height=\dimen102
\Gin@req@width=\dimen103
)
Document Class `acmsmall' Electronic Submissions v1.4 <July 09, 2012> (ACM).
\@firstpg=\count80
\@lastpg=\count81
\trimheight=\dimen104
\trimwidth=\dimen105
\normaltextheight=\dimen106
\tempdimen=\dimen107
\tempbox=\box26
\tbbox=\box27
\tabledim=\dimen108
\symnewlargesymbols=\mathgroup5
LaTeX Font Info:    Redeclaring math symbol \bigsqcup on input line 2037.
\normalparindent=\dimen109
\footheight=\skip41
\@maxsep=\skip42
\@dblmaxsep=\skip43
\@totalpg=\count82
\@abstract=\box28
\@permissionbox=\box29
\c@part=\count83
\c@section=\count84
\c@subsection=\count85
\c@subsubsection=\count86
\c@paragraph=\count87
\enumdim=\dimen110
\c@theorem=\count88
\belowcaptionskip=\skip44
\abovecaptionskip=\skip45
\c@figure=\count89
\c@table=\count90
\@narrowfig=\dimen111
\@nfigbox=\box30
\@nfcapbox=\box31
\@nfigbox=\box32
\@nfcapbox=\box33
\bibindent=\dimen112
LaTeX Font Info:    Overwriting math alphabet `\mathbb' in version `normal'
(Font)                  OT1/ams/bx/n --> OT1/ams/bx/n on input line 3619.
LaTeX Font Info:    Overwriting math alphabet `\mathbb' in version `bold'
(Font)                  OT1/ams/bx/n --> OT1/ams/bx/n on input line 3620.
) (./algorithm2e.sty
Package: algorithm2e 2008/00/00 v3.10 algorithms environments
\c@AlgoLine=\count91

(/usr/local/texlive/2013/texmf-dist/tex/latex/base/ifthen.sty
Package: ifthen 2001/05/26 v1.1c Standard LaTeX ifthen package (DPC)
)
(/usr/local/texlive/2013/texmf-dist/tex/latex/tools/xspace.sty
Package: xspace 2009/10/20 v1.13 Space after command names (DPC,MH)
)
(/usr/local/texlive/2013/texmf-dist/tex/latex/relsize/relsize.sty
Package: relsize 2013/03/29 ver 4.1
)
********************************************************
Package `algorithm2e' Release 4.01 -- december 14 2009 --
- algorithm2e-announce@lirmm.fr mailing list for announcement about releases
- algorithm2e-discussion@lirmm.fr mailing list for discussion about package
subscribe by emailing sympa@lirmm.fr with 'subscribe <list> <firstname name>'
- Author: Christophe Fiorio (fiorio@lirmm.fr)
********************************************************
\skiptotal=\skip46
\skiplinenumber=\skip47
\skiprule=\skip48
\skiphlne=\skip49
\skiptext=\skip50
\skiplength=\skip51
\algomargin=\skip52
\skipalgocfslide=\skip53
\algowidth=\dimen113
\inoutsize=\dimen114
\inoutline=\dimen115
\interspacetitleruled=\dimen116
\interspacealgoruled=\dimen117
\interspacetitleboxruled=\dimen118
\algocf@inoutbox=\box34
\algocf@inputbox=\box35
\AlCapSkip=\skip54
\AlCapHSkip=\skip55
\algocf@nlbox=\box36
\algocf@hangingbox=\box37
\algocf@capbox=\box38
\algoheightruledefault=\skip56
\algoheightrule=\skip57
\algotitleheightruledefault=\skip58
\algotitleheightrule=\skip59
\c@algocfline=\count92
\c@algocfproc=\count93
\c@algocf=\count94
\algocf@algoframe=\box39
\algocf@algobox=\box40
) (/usr/local/texlive/2013/texmf-dist/tex/latex/float/float.sty
Package: float 2001/11/08 v1.3d Float enhancements (AL)
\c@float@type=\count95
\float@exts=\toks15
\float@box=\box41
\@float@everytoks=\toks16
\@floatcapt=\box42
)
(/usr/local/texlive/2013/texmf-dist/tex/latex/psnfss/times.sty
Package: times 2005/04/12 PSNFSS-v9.2a (SPQR) 
)
(/usr/local/texlive/2013/texmf-dist/tex/latex/psnfss/helvet.sty
Package: helvet 2005/04/12 PSNFSS-v9.2a (WaS) 
)
(/usr/local/texlive/2013/texmf-dist/tex/latex/psnfss/courier.sty
Package: courier 2005/04/12 PSNFSS-v9.2a (WaS) 
)
(/usr/local/texlive/2013/texmf-dist/tex/latex/amsmath/amsmath.sty
Package: amsmath 2013/01/14 v2.14 AMS math features
\@mathmargin=\skip60

For additional information on amsmath, use the `?' option.
(/usr/local/texlive/2013/texmf-dist/tex/latex/amsmath/amstext.sty
Package: amstext 2000/06/29 v2.01

(/usr/local/texlive/2013/texmf-dist/tex/latex/amsmath/amsgen.sty
File: amsgen.sty 1999/11/30 v2.0
\@emptytoks=\toks17
\ex@=\dimen119
)
LaTeX Info: Redefining \text on input line 39.
)
(/usr/local/texlive/2013/texmf-dist/tex/latex/amsmath/amsbsy.sty
Package: amsbsy 1999/11/29 v1.2d
\pmbraise@=\dimen120
)
(/usr/local/texlive/2013/texmf-dist/tex/latex/amsmath/amsopn.sty
Package: amsopn 1999/12/14 v2.01 operator names
)
\inf@bad=\count96
LaTeX Info: Redefining \frac on input line 210.
\uproot@=\count97
\leftroot@=\count98
LaTeX Info: Redefining \overline on input line 306.
\classnum@=\count99
\DOTSCASE@=\count100
LaTeX Info: Redefining \ldots on input line 378.
LaTeX Info: Redefining \dots on input line 381.
LaTeX Info: Redefining \cdots on input line 466.
\Mathstrutbox@=\box43
\strutbox@=\box44
\big@size=\dimen121
LaTeX Font Info:    Redeclaring font encoding OML on input line 566.
LaTeX Font Info:    Redeclaring font encoding OMS on input line 567.
\macc@depth=\count101
\c@MaxMatrixCols=\count102
\dotsspace@=\muskip11
\c@parentequation=\count103
\dspbrk@lvl=\count104
\tag@help=\toks18
\row@=\count105
\column@=\count106
\maxfields@=\count107
\andhelp@=\toks19
\eqnshift@=\dimen122
\alignsep@=\dimen123
\tagshift@=\dimen124
\tagwidth@=\dimen125
\totwidth@=\dimen126
\lineht@=\dimen127
\@envbody=\toks20
\multlinegap=\skip61
\multlinetaggap=\skip62
\mathdisplay@stack=\toks21
LaTeX Info: Redefining \[ on input line 2665.
LaTeX Info: Redefining \] on input line 2666.
)
(/usr/local/texlive/2013/texmf-dist/tex/latex/algorithmicx/algcompatible.sty
Package: algcompatible 

(/usr/local/texlive/2013/texmf-dist/tex/latex/algorithmicx/algorithmicx.sty
Package: algorithmicx 2005/04/27 v1.2 Algorithmicx

Document Style algorithmicx 1.2 - a greatly improved `algorithmic' style
\c@ALG@line=\count108
\c@ALG@rem=\count109
\c@ALG@nested=\count110
\ALG@tlm=\skip63
\ALG@thistlm=\skip64
\c@ALG@Lnr=\count111
\c@ALG@blocknr=\count112
\c@ALG@storecount=\count113
\c@ALG@tmpcounter=\count114
\ALG@tmplength=\skip65
)
Document Style - algorithmic compatible environments for the `algorithmicx' sty
le
) (/Users/huijuans/Library/texmf/tex/latex/multirow/multirow.sty
\bigstrutjot=\dimen128
)
(/usr/local/texlive/2013/texmf-dist/tex/latex/mdwtools/mdwlist.sty
Package: mdwlist 1996/05/02 1.1 Various list-related things
)
(/usr/local/texlive/2013/texmf-dist/tex/latex/cite/cite.sty
LaTeX Info: Redefining \cite on input line 302.
LaTeX Info: Redefining \nocite on input line 373.
Package: cite 2010/09/10  v 5.3
)
(/usr/local/texlive/2013/texmf-dist/tex/latex/natbib/natbib.sty
Package: natbib 2010/09/13 8.31b (PWD, AO)


Package natbib Warning: The `cite' package should not be used
(natbib)                with natbib. Use option `sort' instead.

\bibhang=\skip66
\bibsep=\skip67
LaTeX Info: Redefining \cite on input line 694.
LaTeX Info: Redefining \citenum on input line 708.
\c@NAT@ctr=\count115
) (/usr/local/texlive/2013/texmf-dist/tex/latex/graphics/epsfig.sty
Package: epsfig 1999/02/16 v1.7a (e)psfig emulation (SPQR)
\epsfxsize=\dimen129
\epsfysize=\dimen130
)
(/usr/local/texlive/2013/texmf-dist/tex/latex/oberdiek/epstopdf.sty
Package: epstopdf 2010/02/09 v2.5 Conversion with epstopdf on the fly (HO)

(/usr/local/texlive/2013/texmf-dist/tex/latex/oberdiek/epstopdf-base.sty
Package: epstopdf-base 2010/02/09 v2.5 Base part for package epstopdf

(/usr/local/texlive/2013/texmf-dist/tex/latex/oberdiek/grfext.sty
Package: grfext 2010/08/19 v1.1 Manage graphics extensions (HO)

(/usr/local/texlive/2013/texmf-dist/tex/generic/oberdiek/kvdefinekeys.sty
Package: kvdefinekeys 2011/04/07 v1.3 Define keys (HO)
))
(/usr/local/texlive/2013/texmf-dist/tex/latex/oberdiek/kvoptions.sty
Package: kvoptions 2011/06/30 v3.11 Key value format for package options (HO)

(/usr/local/texlive/2013/texmf-dist/tex/generic/oberdiek/kvsetkeys.sty
Package: kvsetkeys 2012/04/25 v1.16 Key value parser (HO)

(/usr/local/texlive/2013/texmf-dist/tex/generic/oberdiek/etexcmds.sty
Package: etexcmds 2011/02/16 v1.5 Avoid name clashes with e-TeX commands (HO)

(/usr/local/texlive/2013/texmf-dist/tex/generic/oberdiek/ifluatex.sty
Package: ifluatex 2010/03/01 v1.3 Provides the ifluatex switch (HO)
Package ifluatex Info: LuaTeX not detected.
)
Package etexcmds Info: Could not find \expanded.
(etexcmds)             That can mean that you are not using pdfTeX 1.50 or
(etexcmds)             that some package has redefined \expanded.
(etexcmds)             In the latter case, load this package earlier.
)))
(/usr/local/texlive/2013/texmf-dist/tex/generic/oberdiek/pdftexcmds.sty
Package: pdftexcmds 2011/11/29 v0.20 Utility functions of pdfTeX for LuaTeX (HO
)

(/usr/local/texlive/2013/texmf-dist/tex/generic/oberdiek/ifpdf.sty
Package: ifpdf 2011/01/30 v2.3 Provides the ifpdf switch (HO)
Package ifpdf Info: pdfTeX in PDF mode is detected.
)
Package pdftexcmds Info: LuaTeX not detected.
Package pdftexcmds Info: \pdf@primitive is available.
Package pdftexcmds Info: \pdf@ifprimitive is available.
Package pdftexcmds Info: \pdfdraftmode found.
)
Package grfext Info: Graphics extension search list:
(grfext)             [.png,.pdf,.jpg,.mps,.jpeg,.jbig2,.jb2,.PNG,.PDF,.JPG,.JPE
G,.JBIG2,.JB2,.eps]
(grfext)             \AppendGraphicsExtensions on input line 452.

(/usr/local/texlive/2013/texmf-dist/tex/latex/latexconfig/epstopdf-sys.cfg
File: epstopdf-sys.cfg 2010/07/13 v1.3 Configuration of (r)epstopdf for TeX Liv
e
)))
(/usr/local/texlive/2013/texmf-dist/tex/latex/jknapltx/mathrsfs.sty
Package: mathrsfs 1996/01/01 Math RSFS package v1.0 (jk)
\symrsfs=\mathgroup6
)
(/usr/local/texlive/2013/texmf-dist/tex/latex/tools/enumerate.sty
Package: enumerate 1999/03/05 v3.00 enumerate extensions (DPC)
\@enLab=\toks22
)
(/usr/local/texlive/2013/texmf-dist/tex/latex/comment/comment.sty
\CommentStream=\write3

Excluding comment 'comment')
(/usr/local/texlive/2013/texmf-dist/tex/latex/tools/array.sty
Package: array 2008/09/09 v2.4c Tabular extension package (FMi)
\col@sep=\dimen131
\extrarowheight=\dimen132
\NC@list=\toks23
\extratabsurround=\skip68
\backup@length=\skip69
)
(/usr/local/texlive/2013/texmf-dist/tex/latex/tocbibind/tocbibind.sty
Package: tocbibind 2010/10/13 v1.5k extra ToC listings
Package tocbibind Info: The document has chapter divisions on input line 50.


Package tocbibind Note: Using chapter style headings, unless overridden.

) (./tistSI.aux (./sec/introduction.aux) (./sec/prior.aux)
(./sec/multivariateApp.aux) (./sec/predictionApp.aux) (./sec/disaggResults.aux)
(./sec/predictionResults.aux))
\openout1 = `tistSI.aux'.

LaTeX Font Info:    Checking defaults for OML/cmm/m/it on input line 65.
LaTeX Font Info:    ... okay on input line 65.
LaTeX Font Info:    Checking defaults for T1/cmr/m/n on input line 65.
LaTeX Font Info:    ... okay on input line 65.
LaTeX Font Info:    Checking defaults for OT1/cmr/m/n on input line 65.
LaTeX Font Info:    ... okay on input line 65.
LaTeX Font Info:    Checking defaults for OMS/cmsy/m/n on input line 65.
LaTeX Font Info:    ... okay on input line 65.
LaTeX Font Info:    Checking defaults for OMX/cmex/m/n on input line 65.
LaTeX Font Info:    ... okay on input line 65.
LaTeX Font Info:    Checking defaults for U/cmr/m/n on input line 65.
LaTeX Font Info:    ... okay on input line 65.
LaTeX Font Info:    Try loading font information for OT1+ptm on input line 65.

(/usr/local/texlive/2013/texmf-dist/tex/latex/psnfss/ot1ptm.fd
File: ot1ptm.fd 2001/06/04 font definitions for OT1/ptm.
)
(/usr/local/texlive/2013/texmf-dist/tex/context/base/supp-pdf.mkii
[Loading MPS to PDF converter (version 2006.09.02).]
\scratchcounter=\count116
\scratchdimen=\dimen133
\scratchbox=\box45
\nofMPsegments=\count117
\nofMParguments=\count118
\everyMPshowfont=\toks24
\MPscratchCnt=\count119
\MPscratchDim=\dimen134
\MPnumerator=\count120
\makeMPintoPDFobject=\count121
\everyMPtoPDFconversion=\toks25
)
LaTeX Font Info:    Try loading font information for OT1+phv on input line 147.

 (/usr/local/texlive/2013/texmf-dist/tex/latex/psnfss/ot1phv.fd
File: ot1phv.fd 2001/06/04 scalable font definitions for OT1/phv.
)
LaTeX Font Info:    Font shape `OT1/phv/bx/n' in size <12> not available
(Font)              Font shape `OT1/phv/b/n' tried instead on input line 147.

Overfull \vbox (72.27pt too high) has occurred while \output is active []

 [1{/usr/local/texlive/2013/texmf-var/fonts/map/pdftex/updmap/pdftex.map}
Non-PDF special ignored!

]
\openout2 = `sec/introduction.aux'.

 (./sec/introduction.tex
LaTeX Font Info:    Font shape `OT1/phv/bx/n' in size <9> not available
(Font)              Font shape `OT1/phv/b/n' tried instead on input line 1.

<fig/smartbuilding.pdf, id=10, 505.89pt x 361.35pt>
File: fig/smartbuilding.pdf Graphic file (type pdf)

<use fig/smartbuilding.pdf>
Package pdftex.def Info: fig/smartbuilding.pdf used on input line 43.
(pdftex.def)             Requested size: 316.80121pt x 226.28981pt.


LaTeX Warning: `h' float specifier changed to `ht'.


Underfull \vbox (badness 5036) has occurred while \output is active []

 [2

]
LaTeX Font Info:    Font shape `OT1/ptm/bx/n' in size <10> not available
(Font)              Font shape `OT1/ptm/b/n' tried instead on input line 78.

[3 <./fig/smartbuilding.pdf>]
LaTeX Font Info:    External font `cmex10' loaded for size
(Font)              <7> on input line 151.
LaTeX Font Info:    External font `cmex10' loaded for size
(Font)              <5> on input line 151.
LaTeX Font Info:    Try loading font information for U+lasy on input line 151.

(/usr/local/texlive/2013/texmf-dist/tex/latex/base/ulasy.fd
File: ulasy.fd 1998/08/17 v2.2e LaTeX symbol font definitions
)
LaTeX Font Info:    Try loading font information for U+rsfs on input line 151.

(/usr/local/texlive/2013/texmf-dist/tex/latex/jknapltx/ursfs.fd
File: ursfs.fd 1998/03/24 rsfs font definition file (jk)
) [4]
(./fig/framework.tex <fig/framework.pdf, id=85, 578.16pt x 397.485pt>
File: fig/framework.pdf Graphic file (type pdf)

<use fig/framework.pdf>
Package pdftex.def Info: fig/framework.pdf used on input line 4.
(pdftex.def)             Requested size: 277.19879pt x 190.57228pt.
) [5 <./fig/framework.pdf>]) [6]
\openout2 = `sec/prior.aux'.

 (./sec/prior.tex
Underfull \vbox (badness 10000) has occurred while \output is active []

 [7


])
[8]
\openout2 = `sec/multivariateApp.aux'.

 (./sec/multivariateApp.tex (./multidisaggfig/multivariateMotifmining.tex
<multidisaggfig/RecursiveMultivariateMotifMining.pdf, id=289, 614.295pt x 794.9
7pt>
File: multidisaggfig/RecursiveMultivariateMotifMining.pdf Graphic file (type pd
f)
 <use multidisaggfig/RecursiveMultivariateMotifMining.pdf>
Package pdftex.def Info: multidisaggfig/RecursiveMultivariateMotifMining.pdf us
ed on input line 3.
(pdftex.def)             Requested size: 277.19879pt x 358.72787pt.
)
<multidisaggfig/multivariatePiecewiseMotifMining.pdf, id=290, 1084.05pt x 216.8
1pt>
File: multidisaggfig/multivariatePiecewiseMotifMining.pdf Graphic file (type pd
f)
 <use multidisaggfig/multivariatePiecewiseMotifMining.pdf>
Package pdftex.def Info: multidisaggfig/multivariatePiecewiseMotifMining.pdf us
ed on input line 100.
(pdftex.def)             Requested size: 277.19879pt x 55.43964pt.
 [9


]
LaTeX Font Info:    Font shape `OT1/phv/m/it' in size <9> not available
(Font)              Font shape `OT1/phv/m/sl' tried instead on input line 106.
 [10 <./multidisaggfig/RecursiveMultivariateMotifMining.pdf> <./multidisaggfig/
multivariatePiecewiseMotifMining.pdf>] (./multidisaggalg/synchronizeEvents.tex
LaTeX Font Info:    Font shape `OT1/ptm/bx/n' in size <9> not available
(Font)              Font shape `OT1/ptm/b/n' tried instead on input line 2.
LaTeX Font Info:    External font `cmex10' loaded for size
(Font)              <9> on input line 5.
LaTeX Font Info:    External font `cmex10' loaded for size
(Font)              <6> on input line 5.

! Undefined control sequence.
<recently read> \RETURN 
                        
l.19 \RETURN
             $e_1, ..., e_i, ..., e_{n'}, \forall e_i > 2*\theta$
? 
)
<multidisaggfig/synchronizeDifferentEventEncoding.pdf, id=391, 519.9425pt x 389
.455pt>
File: multidisaggfig/synchronizeDifferentEventEncoding.pdf Graphic file (type p
df)
 <use multidisaggfig/synchronizeDifferentEventEncoding.pdf>
Package pdftex.def Info: multidisaggfig/synchronizeDifferentEventEncoding.pdf u
sed on input line 179.
(pdftex.def)             Requested size: 198.0pt x 148.30939pt.
 [11])
[12 <./multidisaggfig/synchronizeDifferentEventEncoding.pdf>]
\openout2 = `sec/predictionApp.aux'.


(./sec/predictionApp.tex <adlfigs/framework.pdf, id=448, 1445.4pt x 542.025pt>
File: adlfigs/framework.pdf Graphic file (type pdf)

<use adlfigs/framework.pdf>
Package pdftex.def Info: adlfigs/framework.pdf used on input line 93.
(pdftex.def)             Requested size: 198.0pt x 74.24539pt.


LaTeX Warning: `h' float specifier changed to `ht'.

[13


] (./adlfigs/MingExample.tex
<adlfigs/MingExample.pdf, id=453, 722.7pt x 542.025pt>
File: adlfigs/MingExample.pdf Graphic file (type pdf)

<use adlfigs/MingExample.pdf>
Package pdftex.def Info: adlfigs/MingExample.pdf used on input line 3.
(pdftex.def)             Requested size: 316.80121pt x 237.5985pt.
) [14 <./adlfigs/framework.pdf> <./adlfigs/MingExample.pdf>] (./adlfigs/egh.tex
 <adlfigs/egh.pdf, id=1063, 650.43pt x 433.62pt>
File: adlfigs/egh.pdf Graphic file (type pdf)

<use adlfigs/egh.pdf>
Package pdftex.def Info: adlfigs/egh.pdf used on input line 3.
(pdftex.def)             Requested size: 277.19879pt x 184.80545pt.
)
\c@mydef=\count122

Underfull \vbox (badness 10000) has occurred while \output is active []

 [15]
[16 <./adlfigs/egh.pdf>]) [17]
\openout2 = `sec/disaggResults.aux'.

 (./sec/disaggResults.tex [18


]
(./multidisaggtab/study10results.tex
LaTeX Font Info:    External font `cmex10' loaded for size
(Font)              <8> on input line 44.
)
(./multidisaggfig/heatingIndoorResults.tex
<multidisaggfig/heatingIndoorPhase12On.png, id=1213, 309.3156pt x 260.8947pt>
File: multidisaggfig/heatingIndoorPhase12On.png Graphic file (type png)

<use multidisaggfig/heatingIndoorPhase12On.png>
Package pdftex.def Info: multidisaggfig/heatingIndoorPhase12On.png used on inpu
t line 4.
(pdftex.def)             Requested size: 198.0pt x 167.00386pt.

<multidisaggfig/heatingIndoorUp.png, id=1215, 310.761pt x 263.7855pt>
File: multidisaggfig/heatingIndoorUp.png Graphic file (type png)

<use multidisaggfig/heatingIndoorUp.png>
Package pdftex.def Info: multidisaggfig/heatingIndoorUp.png used on input line 
5.
(pdftex.def)             Requested size: 198.0pt x 168.07349pt.

<multidisaggfig/heatingIndoorPhase12Off.png, id=1216, 309.3156pt x 260.8947pt>
File: multidisaggfig/heatingIndoorPhase12Off.png Graphic file (type png)

<use multidisaggfig/heatingIndoorPhase12Off.png>
Package pdftex.def Info: multidisaggfig/heatingIndoorPhase12Off.png used on inp
ut line 7.
(pdftex.def)             Requested size: 198.0pt x 167.00386pt.

<multidisaggfig/heatingIndoorDown.png, id=1217, 310.761pt x 263.7855pt>
File: multidisaggfig/heatingIndoorDown.png Graphic file (type png)

<use multidisaggfig/heatingIndoorDown.png>
Package pdftex.def Info: multidisaggfig/heatingIndoorDown.png used on input lin
e 8.
(pdftex.def)             Requested size: 198.0pt x 168.07349pt.

Overfull \hbox (24.0pt too wide) in paragraph at lines 3--13
 [][] 
 []

) (./multidisaggfig/dryerResults.tex
<multidisaggfig/dryerPhase12OnDiff.png, id=1218, 310.761pt x 261.6174pt>
File: multidisaggfig/dryerPhase12OnDiff.png Graphic file (type png)

<use multidisaggfig/dryerPhase12OnDiff.png>
Package pdftex.def Info: multidisaggfig/dryerPhase12OnDiff.png used on input li
ne 4.
(pdftex.def)             Requested size: 198.0pt x 166.69205pt.

<multidisaggfig/waterHeaterPhase12OnDiff.png, id=1219, 312.2064pt x 261.6174pt>
File: multidisaggfig/waterHeaterPhase12OnDiff.png Graphic file (type png)
<use multidisaggfig/waterHeaterPhase12OnDiff.png>
Package pdftex.def Info: multidisaggfig/waterHeaterPhase12OnDiff.png used on in
put line 5.
(pdftex.def)             Requested size: 198.0pt x 165.9176pt.

<multidisaggfig/heatingIndoorOutdoorPhase12On_1.png, id=1220, 310.761pt x 262.3
401pt>
File: multidisaggfig/heatingIndoorOutdoorPhase12On_1.png Graphic file (type png
)
 <use multidisaggfig/heatingIndoorOutdoorPhase12On_1.png>
Package pdftex.def Info: multidisaggfig/heatingIndoorOutdoorPhase12On_1.png use
d on input line 7.
(pdftex.def)             Requested size: 198.0pt x 167.15253pt.

Overfull \hbox (24.0pt too wide) in paragraph at lines 3--15
 [][] 
 []

) [19]
Underfull \vbox (badness 1968) has occurred while \output is active []

 [20 <./multidisaggfig/heatingIndoorPhase12On.png> <./multidisaggfig/heatingInd
oorUp.png> <./multidisaggfig/heatingIndoorPhase12Off.png> <./multidisaggfig/hea
tingIndoorDown.png>]) [21 <./multidisaggfig/dryerPhase12OnDiff.png> <./multidis
aggfig/waterHeaterPhase12OnDiff.png> <./multidisaggfig/heatingIndoorOutdoorPhas
e12On_1.png>]
\openout2 = `sec/predictionResults.aux'.

 (./sec/predictionResults.tex (./adltabs/individualResults.tex)
<adlfigs/study10person12014-02-20occupied.png, id=1238, 738.5994pt x 762.4485pt
>
File: adlfigs/study10person12014-02-20occupied.png Graphic file (type png)
 <use adlfigs/study10person12014-02-20occupied.png>
Package pdftex.def Info: adlfigs/study10person12014-02-20occupied.png used on i
nput line 92.
(pdftex.def)             Requested size: 277.19879pt x 286.15016pt.
 [22


] [23 <./adlfigs/study10person12014-02-20occupied.png>] (./adltabs/resultsLimit
ation.tex)
<adlfigs/study10ROC_02202014.png, id=1246, 394.5942pt x 379.4175pt>
File: adlfigs/study10ROC_02202014.png Graphic file (type png)

<use adlfigs/study10ROC_02202014.png>
Package pdftex.def Info: adlfigs/study10ROC_02202014.png used on input line 197
.
(pdftex.def)             Requested size: 237.60242pt x 228.46855pt.
 [24]
<adlfigs/study11ROC_02042014.png, id=1250, 388.0899pt x 374.3586pt>
File: adlfigs/study11ROC_02042014.png Graphic file (type png)

<use adlfigs/study11ROC_02042014.png>
Package pdftex.def Info: adlfigs/study11ROC_02042014.png used on input line 210
.
(pdftex.def)             Requested size: 237.60242pt x 229.1981pt.


LaTeX Warning: `h' float specifier changed to `ht'.

<adlfigs/study14ROC_12202013.png, id=1251, 394.5942pt x 377.2494pt>
File: adlfigs/study14ROC_12202013.png Graphic file (type png)

<use adlfigs/study14ROC_12202013.png>
Package pdftex.def Info: adlfigs/study14ROC_12202013.png used on input line 224
.
(pdftex.def)             Requested size: 237.60242pt x 227.16302pt.


LaTeX Warning: `h' float specifier changed to `ht'.

) [25 <./adlfigs/study10ROC_02202014.png>] [26 <./adlfigs/study11ROC_02042014.p
ng> <./adlfigs/study14ROC_12202013.png>] (./sec/conclusion.tex
Underfull \vbox (badness 1248) has occurred while \output is active []

 [27

])
(./tistSI.bbl
! Undefined control sequence.
\chapter ...ace {10\p@ }}\algocf@original@chapter 
                                                  
l.5 \begin{thebibliography}{00}
                               
? 

Underfull \vbox (badness 10000) has occurred while \output is active []

 [28]
Underfull \vbox (badness 10000) has occurred while \output is active []

 [29])
[30] (./tistSI.aux (./sec/introduction.aux) (./sec/prior.aux)
(./sec/multivariateApp.aux) (./sec/predictionApp.aux) (./sec/disaggResults.aux)
(./sec/predictionResults.aux))

LaTeX Warning: Label(s) may have changed. Rerun to get cross-references right.

 ) 
Here is how much of TeX's memory you used:
 5510 strings out of 493315
 77450 string characters out of 6137904
 175553 words of memory out of 5000000
 8737 multiletter control sequences out of 15000+600000
 34718 words of font info for 69 fonts, out of 8000000 for 9000
 957 hyphenation exceptions out of 8191
 42i,13n,29p,1312b,497s stack positions out of 5000i,500n,10000p,200000b,80000s
{/usr/local/texlive/2013/texmf-dist/fonts/enc/dvips/base/8r.enc}</usr/local/t
exlive/2013/texmf-dist/fonts/type1/public/amsfonts/cm/cmex10.pfb></usr/local/te
xlive/2013/texmf-dist/fonts/type1/public/amsfonts/cm/cmmi10.pfb></usr/local/tex
live/2013/texmf-dist/fonts/type1/public/amsfonts/cm/cmmi5.pfb></usr/local/texli
ve/2013/texmf-dist/fonts/type1/public/amsfonts/cm/cmmi6.pfb></usr/local/texlive
/2013/texmf-dist/fonts/type1/public/amsfonts/cm/cmmi7.pfb></usr/local/texlive/2
013/texmf-dist/fonts/type1/public/amsfonts/cm/cmmi9.pfb></usr/local/texlive/201
3/texmf-dist/fonts/type1/public/amsfonts/cm/cmr10.pfb></usr/local/texlive/2013/
texmf-dist/fonts/type1/public/amsfonts/cm/cmr5.pfb></usr/local/texlive/2013/tex
mf-dist/fonts/type1/public/amsfonts/cm/cmr6.pfb></usr/local/texlive/2013/texmf-
dist/fonts/type1/public/amsfonts/cm/cmr7.pfb></usr/local/texlive/2013/texmf-dis
t/fonts/type1/public/amsfonts/cm/cmr9.pfb></usr/local/texlive/2013/texmf-dist/f
onts/type1/public/amsfonts/cm/cmsy10.pfb></usr/local/texlive/2013/texmf-dist/fo
nts/type1/public/amsfonts/cm/cmsy5.pfb></usr/local/texlive/2013/texmf-dist/font
s/type1/public/amsfonts/cm/cmsy7.pfb></usr/local/texlive/2013/texmf-dist/fonts/
type1/public/amsfonts/cm/cmsy9.pfb></usr/local/texlive/2013/texmf-dist/fonts/ty
pe1/public/rsfs/rsfs10.pfb></usr/local/texlive/2013/texmf-dist/fonts/type1/urw/
helvetic/uhvb8a.pfb></usr/local/texlive/2013/texmf-dist/fonts/type1/urw/helveti
c/uhvr8a.pfb></usr/local/texlive/2013/texmf-dist/fonts/type1/urw/helvetic/uhvro
8a.pfb></usr/local/texlive/2013/texmf-dist/fonts/type1/urw/times/utmb8a.pfb></u
sr/local/texlive/2013/texmf-dist/fonts/type1/urw/times/utmr8a.pfb></usr/local/t
exlive/2013/texmf-dist/fonts/type1/urw/times/utmri8a.pfb>
Output written on tistSI.pdf (30 pages, 3338718 bytes).
PDF statistics:
 1345 PDF objects out of 1440 (max. 8388607)
 745 compressed objects within 8 object streams
 0 named destinations out of 1000 (max. 500000)
 96 words of extra memory for PDF output out of 10000 (max. 10000000)

